Build started 9/13/2011 3:28:58 PM.
     1>Project "c:\Users\anonymousity\documents\visual studio 2010\Projects\Flo\Flo\Flo.vcxproj" on node 2 (build target(s)).
     1>PrepareForBuild:
         Creating directory "c:\users\anonymousity\documents\visual studio 2010\Projects\Flo\Debug\".
       InitializeBuildStatus:
         Creating "Debug\Flo.unsuccessfulbuild" because "AlwaysCreate" was specified.
       ClCompile:
         c:\Program Files\Microsoft Visual Studio 10.0\VC\bin\CL.exe /c /ZI /nologo /W3 /WX- /Od /Oy- /D WIN32 /D _DEBUG /D _CONSOLE /D _UNICODE /D UNICODE /Gm /EHsc /RTC1 /MDd /GS /fp:precise /Zc:wchar_t /Zc:forScope /Fo"Debug\\" /Fd"Debug\vc100.pdb" /Gd /TP /analyze- /errorReport:prompt main.cpp
         main.cpp
       ManifestResourceCompile:
         C:\Program Files\Microsoft SDKs\Windows\v7.0A\bin\rc.exe /nologo /fo"Debug\Flo.exe.embed.manifest.res" Debug\Flo_manifest.rc 
       Link:
         c:\Program Files\Microsoft Visual Studio 10.0\VC\bin\link.exe /ERRORREPORT:PROMPT /OUT:"c:\users\anonymousity\documents\visual studio 2010\Projects\Flo\Debug\Flo.exe" /INCREMENTAL /NOLOGO kernel32.lib user32.lib gdi32.lib winspool.lib comdlg32.lib advapi32.lib shell32.lib ole32.lib oleaut32.lib uuid.lib odbc32.lib odbccp32.lib /MANIFEST /ManifestFile:"Debug\Flo.exe.intermediate.manifest" /MANIFESTUAC:"level='asInvoker' uiAccess='false'" /DEBUG /PDB:"c:\users\anonymousity\documents\visual studio 2010\Projects\Flo\Debug\Flo.pdb" /SUBSYSTEM:CONSOLE /TLBID:1 /DYNAMICBASE /NXCOMPAT /IMPLIB:"c:\users\anonymousity\documents\visual studio 2010\Projects\Flo\Debug\Flo.lib" /MACHINE:X86 Debug\Flo.exe.embed.manifest.res
         Debug\main.obj
     1>MSVCRTD.lib(crtexe.obj) : error LNK2019: unresolved external symbol _main referenced in function ___tmainCRTStartup
     1>c:\users\anonymousity\documents\visual studio 2010\Projects\Flo\Debug\Flo.exe : fatal error LNK1120: 1 unresolved externals
     1>Done Building Project "c:\Users\anonymousity\documents\visual studio 2010\Projects\Flo\Flo\Flo.vcxproj" (build target(s)) -- FAILED.

Build FAILED.

Time Elapsed 00:00:03.34
